H:\DEVELOPMENT\XPUDPREFS\PROJEKT1\DEBUG\HELLO.OBJ
H:\DEVELOPMENT\XPUDPREFS\PROJEKT1\DEBUG\XPLUGINWIN.OBJ
H:\DEVELOPMENT\XPUDPREFS\PROJEKT1\DEBUG\VC110.PDB
H:\DEVELOPMENT\XPUDPREFS\PROJEKT1\DEBUG\PROJEKT1.ILK
H:\DEVELOPMENT\XPUDPREFS\PROJEKT1\DEBUG\PROJEKT1.DLL
H:\DEVELOPMENT\XPUDPREFS\PROJEKT1\DEBUG\PROJEKT1.PDB
H:\Development\XPUDPREFS\Projekt1\Debug\Projekt1.lib
H:\Development\XPUDPREFS\Projekt1\Debug\Projekt1.exp
H:\Development\XPUDPREFS\Projekt1\Debug\hello.obj
H:\Development\XPUDPREFS\Projekt1\Debug\xPluginWin.obj
H:\Development\XPUDPREFS\Projekt1\Debug\Projekt1.ilk
H:\Development\XPUDPREFS\Projekt1\Debug\cl.command.1.tlog
H:\Development\XPUDPREFS\Projekt1\Debug\CL.read.1.tlog
H:\Development\XPUDPREFS\Projekt1\Debug\CL.write.1.tlog
H:\Development\XPUDPREFS\Projekt1\Debug\link-cvtres.read.1.tlog
H:\Development\XPUDPREFS\Projekt1\Debug\link-cvtres.write.1.tlog
H:\Development\XPUDPREFS\Projekt1\Debug\link-rc.read.1.tlog
H:\Development\XPUDPREFS\Projekt1\Debug\link-rc.write.1.tlog
H:\Development\XPUDPREFS\Projekt1\Debug\link.command.1.tlog
H:\Development\XPUDPREFS\Projekt1\Debug\link.read.1.tlog
H:\Development\XPUDPREFS\Projekt1\Debug\link.write.1.tlog
H:\Development\XPUDPREFS\Projekt1\Debug\Projekt1.write.1.tlog
H:\Development\XPUDPREFS\Projekt1\Debug\vc110.idb
H:\Development\XPUDPREFS\Projekt1\Debug\Projekt1.pdb
H:\Development\XPUDPREFS\Projekt1\Debug\vc110.pdb
